<?xml version="1.0" encoding="UTF-8"?>
<testsuite xmlns:xsi="http://www.w3.org/2001/XMLSchema-instance" xsi:noNamespaceSchemaLocation="https://maven.apache.org/surefire/maven-surefire-plugin/xsd/surefire-test-report-3.0.xsd" version="3.0" name="TestSuite" time="58.556" tests="6" errors="0" skipped="0" failures="0">
  <properties>
    <property name="java.specification.version" value="15"/>
    <property name="webdriver.chrome.driver" value="C:\Users\Admin\.cache\selenium\chromedriver\win32\94.0.4606.61\chromedriver.exe"/>
    <property name="sun.cpu.isalist" value="amd64"/>
    <property name="sun.jnu.encoding" value="Cp1252"/>
    <property name="testng.Skipped" value="0"/>
    <property name="java.class.path" value="C:\Users\Admin\eclipse-workspace\seleniumtesting\DataDrivenProject\target\test-classes;C:\Users\Admin\eclipse-workspace\seleniumtesting\DataDrivenProject\target\classes;C:\Users\Admin\.m2\repository\org\seleniumhq\selenium\selenium-java\3.141.59\selenium-java-3.141.59.jar;C:\Users\Admin\.m2\repository\org\seleniumhq\selenium\selenium-api\3.141.59\selenium-api-3.141.59.jar;C:\Users\Admin\.m2\repository\org\seleniumhq\selenium\selenium-chrome-driver\3.141.59\selenium-chrome-driver-3.141.59.jar;C:\Users\Admin\.m2\repository\org\seleniumhq\selenium\selenium-edge-driver\3.141.59\selenium-edge-driver-3.141.59.jar;C:\Users\Admin\.m2\repository\org\seleniumhq\selenium\selenium-firefox-driver\3.141.59\selenium-firefox-driver-3.141.59.jar;C:\Users\Admin\.m2\repository\org\seleniumhq\selenium\selenium-ie-driver\3.141.59\selenium-ie-driver-3.141.59.jar;C:\Users\Admin\.m2\repository\org\seleniumhq\selenium\selenium-opera-driver\3.141.59\selenium-opera-driver-3.141.59.jar;C:\Users\Admin\.m2\repository\org\seleniumhq\selenium\selenium-remote-driver\3.141.59\selenium-remote-driver-3.141.59.jar;C:\Users\Admin\.m2\repository\org\seleniumhq\selenium\selenium-safari-driver\3.141.59\selenium-safari-driver-3.141.59.jar;C:\Users\Admin\.m2\repository\org\seleniumhq\selenium\selenium-support\3.141.59\selenium-support-3.141.59.jar;C:\Users\Admin\.m2\repository\net\bytebuddy\byte-buddy\1.8.15\byte-buddy-1.8.15.jar;C:\Users\Admin\.m2\repository\org\apache\commons\commons-exec\1.3\commons-exec-1.3.jar;C:\Users\Admin\.m2\repository\com\google\guava\guava\25.0-jre\guava-25.0-jre.jar;C:\Users\Admin\.m2\repository\com\google\code\findbugs\jsr305\1.3.9\jsr305-1.3.9.jar;C:\Users\Admin\.m2\repository\org\checkerframework\checker-compat-qual\2.0.0\checker-compat-qual-2.0.0.jar;C:\Users\Admin\.m2\repository\com\google\errorprone\error_prone_annotations\2.1.3\error_prone_annotations-2.1.3.jar;C:\Users\Admin\.m2\repository\com\google\j2objc\j2objc-annotations\1.1\j2objc-annotations-1.1.jar;C:\Users\Admin\.m2\repository\org\codehaus\mojo\animal-sniffer-annotations\1.14\animal-sniffer-annotations-1.14.jar;C:\Users\Admin\.m2\repository\com\squareup\okhttp3\okhttp\3.11.0\okhttp-3.11.0.jar;C:\Users\Admin\.m2\repository\com\squareup\okio\okio\1.14.0\okio-1.14.0.jar;C:\Users\Admin\.m2\repository\org\slf4j\slf4j-log4j12\1.7.5\slf4j-log4j12-1.7.5.jar;C:\Users\Admin\.m2\repository\org\slf4j\slf4j-api\1.7.5\slf4j-api-1.7.5.jar;C:\Users\Admin\.m2\repository\log4j\log4j\1.2.17\log4j-1.2.17.jar;C:\Users\Admin\.m2\repository\io\github\bonigarcia\webdrivermanager\4.4.3\webdrivermanager-4.4.3.jar;C:\Users\Admin\.m2\repository\commons-io\commons-io\2.8.0\commons-io-2.8.0.jar;C:\Users\Admin\.m2\repository\com\google\code\gson\gson\2.8.6\gson-2.8.6.jar;C:\Users\Admin\.m2\repository\org\apache\commons\commons-lang3\3.12.0\commons-lang3-3.12.0.jar;C:\Users\Admin\.m2\repository\org\apache\httpcomponents\client5\httpclient5\5.0.3\httpclient5-5.0.3.jar;C:\Users\Admin\.m2\repository\org\apache\httpcomponents\core5\httpcore5\5.0.2\httpcore5-5.0.2.jar;C:\Users\Admin\.m2\repository\org\apache\httpcomponents\core5\httpcore5-h2\5.0.2\httpcore5-h2-5.0.2.jar;C:\Users\Admin\.m2\repository\org\rauschig\jarchivelib\1.1.0\jarchivelib-1.1.0.jar;C:\Users\Admin\.m2\repository\org\jsoup\jsoup\1.13.1\jsoup-1.13.1.jar;C:\Users\Admin\.m2\repository\org\testng\testng\7.4.0\testng-7.4.0.jar;C:\Users\Admin\.m2\repository\com\beust\jcommander\1.78\jcommander-1.78.jar;C:\Users\Admin\.m2\repository\org\webjars\jquery\3.5.1\jquery-3.5.1.jar;C:\Users\Admin\.m2\repository\com\github\sdrss\reportng\2.6.3\reportng-2.6.3.jar;C:\Users\Admin\.m2\repository\velocity\velocity\1.5\velocity-1.5.jar;C:\Users\Admin\.m2\repository\commons-collections\commons-collections\3.1\commons-collections-3.1.jar;C:\Users\Admin\.m2\repository\commons-lang\commons-lang\2.1\commons-lang-2.1.jar;C:\Users\Admin\.m2\repository\oro\oro\2.0.8\oro-2.0.8.jar;C:\Users\Admin\.m2\repository\com\fasterxml\jackson\core\jackson-core\2.10.1\jackson-core-2.10.1.jar;C:\Users\Admin\.m2\repository\com\fasterxml\jackson\core\jackson-databind\2.10.5.1\jackson-databind-2.10.5.1.jar;C:\Users\Admin\.m2\repository\com\fasterxml\jackson\core\jackson-annotations\2.10.1\jackson-annotations-2.10.1.jar;C:\Users\Admin\.m2\repository\com\google\inject\guice\5.0.1\guice-5.0.1.jar;C:\Users\Admin\.m2\repository\javax\inject\javax.inject\1\javax.inject-1.jar;C:\Users\Admin\.m2\repository\aopalliance\aopalliance\1.0\aopalliance-1.0.jar;C:\Users\Admin\.m2\repository\com\aventstack\extentreports\5.0.9\extentreports-5.0.9.jar;C:\Users\Admin\.m2\repository\io\reactivex\rxjava3\rxjava\3.0.4\rxjava-3.0.4.jar;C:\Users\Admin\.m2\repository\org\reactivestreams\reactive-streams\1.0.3\reactive-streams-1.0.3.jar;C:\Users\Admin\.m2\repository\org\freemarker\freemarker\2.3.30\freemarker-2.3.30.jar;C:\Users\Admin\.m2\repository\org\projectlombok\lombok\1.18.12\lombok-1.18.12.jar;C:\Users\Admin\.m2\repository\mysql\mysql-connector-java\8.0.26\mysql-connector-java-8.0.26.jar;C:\Users\Admin\.m2\repository\com\google\protobuf\protobuf-java\3.11.4\protobuf-java-3.11.4.jar;C:\Users\Admin\.m2\repository\org\apache\poi\poi\4.1.0\poi-4.1.0.jar;C:\Users\Admin\.m2\repository\commons-codec\commons-codec\1.12\commons-codec-1.12.jar;C:\Users\Admin\.m2\repository\org\apache\commons\commons-collections4\4.3\commons-collections4-4.3.jar;C:\Users\Admin\.m2\repository\org\apache\commons\commons-math3\3.6.1\commons-math3-3.6.1.jar;C:\Users\Admin\.m2\repository\org\apache\poi\poi-ooxml\4.1.0\poi-ooxml-4.1.0.jar;C:\Users\Admin\.m2\repository\org\apache\commons\commons-compress\1.18\commons-compress-1.18.jar;C:\Users\Admin\.m2\repository\com\github\virtuald\curvesapi\1.06\curvesapi-1.06.jar;C:\Users\Admin\.m2\repository\org\apache\poi\poi-ooxml-schemas\4.1.0\poi-ooxml-schemas-4.1.0.jar;C:\Users\Admin\.m2\repository\org\apache\xmlbeans\xmlbeans\3.1.0\xmlbeans-3.1.0.jar;C:\Users\Admin\.m2\repository\org\dom4j\dom4j\2.1.1\dom4j-2.1.1.jar;C:\Users\Admin\.m2\repository\org\apache\logging\log4j\log4j-core\2.14.1\log4j-core-2.14.1.jar;C:\Users\Admin\.m2\repository\org\apache\logging\log4j\log4j-api\2.14.1\log4j-api-2.14.1.jar;C:\Users\Admin\.m2\repository\javax\mail\mail\1.4.7\mail-1.4.7.jar;C:\Users\Admin\.m2\repository\javax\activation\activation\1.1\activation-1.1.jar;"/>
    <property name="java.vm.vendor" value="Oracle Corporation"/>
    <property name="sun.arch.data.model" value="64"/>
    <property name="user.variant" value=""/>
    <property name="java.vendor.url" value="https://java.oracle.com/"/>
    <property name="user.timezone" value="Europe/London"/>
    <property name="os.name" value="Windows 10"/>
    <property name="java.vm.specification.version" value="15"/>
    <property name="sun.java.launcher" value="SUN_STANDARD"/>
    <property name="user.country" value="IN"/>
    <property name="sun.boot.library.path" value="C:\Users\Admin\Downloads\eclipse\plugins\org.eclipse.justj.openjdk.hotspot.jre.full.win32.x86_64_15.0.2.v20210201-0955\jre\bin"/>
    <property name="sun.java.command" value="C:\Users\Admin\AppData\Local\Temp\surefire7874172099448794367\surefirebooter12477213598443809484.jar C:\Users\Admin\AppData\Local\Temp\surefire7874172099448794367 2021-10-11T00-59-38_705-jvmRun1 surefire13108423988682806552tmp surefire_014039067144600165029tmp"/>
    <property name="jdk.debug" value="release"/>
    <property name="surefire.test.class.path" value="C:\Users\Admin\eclipse-workspace\seleniumtesting\DataDrivenProject\target\test-classes;C:\Users\Admin\eclipse-workspace\seleniumtesting\DataDrivenProject\target\classes;C:\Users\Admin\.m2\repository\org\seleniumhq\selenium\selenium-java\3.141.59\selenium-java-3.141.59.jar;C:\Users\Admin\.m2\repository\org\seleniumhq\selenium\selenium-api\3.141.59\selenium-api-3.141.59.jar;C:\Users\Admin\.m2\repository\org\seleniumhq\selenium\selenium-chrome-driver\3.141.59\selenium-chrome-driver-3.141.59.jar;C:\Users\Admin\.m2\repository\org\seleniumhq\selenium\selenium-edge-driver\3.141.59\selenium-edge-driver-3.141.59.jar;C:\Users\Admin\.m2\repository\org\seleniumhq\selenium\selenium-firefox-driver\3.141.59\selenium-firefox-driver-3.141.59.jar;C:\Users\Admin\.m2\repository\org\seleniumhq\selenium\selenium-ie-driver\3.141.59\selenium-ie-driver-3.141.59.jar;C:\Users\Admin\.m2\repository\org\seleniumhq\selenium\selenium-opera-driver\3.141.59\selenium-opera-driver-3.141.59.jar;C:\Users\Admin\.m2\repository\org\seleniumhq\selenium\selenium-remote-driver\3.141.59\selenium-remote-driver-3.141.59.jar;C:\Users\Admin\.m2\repository\org\seleniumhq\selenium\selenium-safari-driver\3.141.59\selenium-safari-driver-3.141.59.jar;C:\Users\Admin\.m2\repository\org\seleniumhq\selenium\selenium-support\3.141.59\selenium-support-3.141.59.jar;C:\Users\Admin\.m2\repository\net\bytebuddy\byte-buddy\1.8.15\byte-buddy-1.8.15.jar;C:\Users\Admin\.m2\repository\org\apache\commons\commons-exec\1.3\commons-exec-1.3.jar;C:\Users\Admin\.m2\repository\com\google\guava\guava\25.0-jre\guava-25.0-jre.jar;C:\Users\Admin\.m2\repository\com\google\code\findbugs\jsr305\1.3.9\jsr305-1.3.9.jar;C:\Users\Admin\.m2\repository\org\checkerframework\checker-compat-qual\2.0.0\checker-compat-qual-2.0.0.jar;C:\Users\Admin\.m2\repository\com\google\errorprone\error_prone_annotations\2.1.3\error_prone_annotations-2.1.3.jar;C:\Users\Admin\.m2\repository\com\google\j2objc\j2objc-annotations\1.1\j2objc-annotations-1.1.jar;C:\Users\Admin\.m2\repository\org\codehaus\mojo\animal-sniffer-annotations\1.14\animal-sniffer-annotations-1.14.jar;C:\Users\Admin\.m2\repository\com\squareup\okhttp3\okhttp\3.11.0\okhttp-3.11.0.jar;C:\Users\Admin\.m2\repository\com\squareup\okio\okio\1.14.0\okio-1.14.0.jar;C:\Users\Admin\.m2\repository\org\slf4j\slf4j-log4j12\1.7.5\slf4j-log4j12-1.7.5.jar;C:\Users\Admin\.m2\repository\org\slf4j\slf4j-api\1.7.5\slf4j-api-1.7.5.jar;C:\Users\Admin\.m2\repository\log4j\log4j\1.2.17\log4j-1.2.17.jar;C:\Users\Admin\.m2\repository\io\github\bonigarcia\webdrivermanager\4.4.3\webdrivermanager-4.4.3.jar;C:\Users\Admin\.m2\repository\commons-io\commons-io\2.8.0\commons-io-2.8.0.jar;C:\Users\Admin\.m2\repository\com\google\code\gson\gson\2.8.6\gson-2.8.6.jar;C:\Users\Admin\.m2\repository\org\apache\commons\commons-lang3\3.12.0\commons-lang3-3.12.0.jar;C:\Users\Admin\.m2\repository\org\apache\httpcomponents\client5\httpclient5\5.0.3\httpclient5-5.0.3.jar;C:\Users\Admin\.m2\repository\org\apache\httpcomponents\core5\httpcore5\5.0.2\httpcore5-5.0.2.jar;C:\Users\Admin\.m2\repository\org\apache\httpcomponents\core5\httpcore5-h2\5.0.2\httpcore5-h2-5.0.2.jar;C:\Users\Admin\.m2\repository\org\rauschig\jarchivelib\1.1.0\jarchivelib-1.1.0.jar;C:\Users\Admin\.m2\repository\org\jsoup\jsoup\1.13.1\jsoup-1.13.1.jar;C:\Users\Admin\.m2\repository\org\testng\testng\7.4.0\testng-7.4.0.jar;C:\Users\Admin\.m2\repository\com\beust\jcommander\1.78\jcommander-1.78.jar;C:\Users\Admin\.m2\repository\org\webjars\jquery\3.5.1\jquery-3.5.1.jar;C:\Users\Admin\.m2\repository\com\github\sdrss\reportng\2.6.3\reportng-2.6.3.jar;C:\Users\Admin\.m2\repository\velocity\velocity\1.5\velocity-1.5.jar;C:\Users\Admin\.m2\repository\commons-collections\commons-collections\3.1\commons-collections-3.1.jar;C:\Users\Admin\.m2\repository\commons-lang\commons-lang\2.1\commons-lang-2.1.jar;C:\Users\Admin\.m2\repository\oro\oro\2.0.8\oro-2.0.8.jar;C:\Users\Admin\.m2\repository\com\fasterxml\jackson\core\jackson-core\2.10.1\jackson-core-2.10.1.jar;C:\Users\Admin\.m2\repository\com\fasterxml\jackson\core\jackson-databind\2.10.5.1\jackson-databind-2.10.5.1.jar;C:\Users\Admin\.m2\repository\com\fasterxml\jackson\core\jackson-annotations\2.10.1\jackson-annotations-2.10.1.jar;C:\Users\Admin\.m2\repository\com\google\inject\guice\5.0.1\guice-5.0.1.jar;C:\Users\Admin\.m2\repository\javax\inject\javax.inject\1\javax.inject-1.jar;C:\Users\Admin\.m2\repository\aopalliance\aopalliance\1.0\aopalliance-1.0.jar;C:\Users\Admin\.m2\repository\com\aventstack\extentreports\5.0.9\extentreports-5.0.9.jar;C:\Users\Admin\.m2\repository\io\reactivex\rxjava3\rxjava\3.0.4\rxjava-3.0.4.jar;C:\Users\Admin\.m2\repository\org\reactivestreams\reactive-streams\1.0.3\reactive-streams-1.0.3.jar;C:\Users\Admin\.m2\repository\org\freemarker\freemarker\2.3.30\freemarker-2.3.30.jar;C:\Users\Admin\.m2\repository\org\projectlombok\lombok\1.18.12\lombok-1.18.12.jar;C:\Users\Admin\.m2\repository\mysql\mysql-connector-java\8.0.26\mysql-connector-java-8.0.26.jar;C:\Users\Admin\.m2\repository\com\google\protobuf\protobuf-java\3.11.4\protobuf-java-3.11.4.jar;C:\Users\Admin\.m2\repository\org\apache\poi\poi\4.1.0\poi-4.1.0.jar;C:\Users\Admin\.m2\repository\commons-codec\commons-codec\1.12\commons-codec-1.12.jar;C:\Users\Admin\.m2\repository\org\apache\commons\commons-collections4\4.3\commons-collections4-4.3.jar;C:\Users\Admin\.m2\repository\org\apache\commons\commons-math3\3.6.1\commons-math3-3.6.1.jar;C:\Users\Admin\.m2\repository\org\apache\poi\poi-ooxml\4.1.0\poi-ooxml-4.1.0.jar;C:\Users\Admin\.m2\repository\org\apache\commons\commons-compress\1.18\commons-compress-1.18.jar;C:\Users\Admin\.m2\repository\com\github\virtuald\curvesapi\1.06\curvesapi-1.06.jar;C:\Users\Admin\.m2\repository\org\apache\poi\poi-ooxml-schemas\4.1.0\poi-ooxml-schemas-4.1.0.jar;C:\Users\Admin\.m2\repository\org\apache\xmlbeans\xmlbeans\3.1.0\xmlbeans-3.1.0.jar;C:\Users\Admin\.m2\repository\org\dom4j\dom4j\2.1.1\dom4j-2.1.1.jar;C:\Users\Admin\.m2\repository\org\apache\logging\log4j\log4j-core\2.14.1\log4j-core-2.14.1.jar;C:\Users\Admin\.m2\repository\org\apache\logging\log4j\log4j-api\2.14.1\log4j-api-2.14.1.jar;C:\Users\Admin\.m2\repository\javax\mail\mail\1.4.7\mail-1.4.7.jar;C:\Users\Admin\.m2\repository\javax\activation\activation\1.1\activation-1.1.jar;"/>
    <property name="sun.cpu.endian" value="little"/>
    <property name="user.home" value="C:\Users\Admin"/>
    <property name="user.language" value="en"/>
    <property name="java.specification.vendor" value="Oracle Corporation"/>
    <property name="java.version.date" value="2021-01-19"/>
    <property name="java.home" value="C:\Users\Admin\Downloads\eclipse\plugins\org.eclipse.justj.openjdk.hotspot.jre.full.win32.x86_64_15.0.2.v20210201-0955\jre"/>
    <property name="file.separator" value="\"/>
    <property name="basedir" value="C:\Users\Admin\eclipse-workspace\seleniumtesting\DataDrivenProject"/>
    <property name="java.vm.compressedOopsMode" value="32-bit"/>
    <property name="line.separator" value="&#10;"/>
    <property name="testng.Failed" value="0"/>
    <property name="java.vm.specification.vendor" value="Oracle Corporation"/>
    <property name="java.specification.name" value="Java Platform API Specification"/>
    <property name="surefire.real.class.path" value="C:\Users\Admin\AppData\Local\Temp\surefire7874172099448794367\surefirebooter12477213598443809484.jar"/>
    <property name="user.script" value=""/>
    <property name="sun.management.compiler" value="HotSpot 64-Bit Tiered Compilers"/>
    <property name="java.runtime.version" value="15.0.2+7-27"/>
    <property name="user.name" value="Admin"/>
    <property name="path.separator" value=";"/>
    <property name="os.version" value="10.0"/>
    <property name="testng.KnownDefect" value="0"/>
    <property name="java.runtime.name" value="OpenJDK Runtime Environment"/>
    <property name="file.encoding" value="Cp1252"/>
    <property name="testng.Fixed" value="0"/>
    <property name="java.vm.name" value="OpenJDK 64-Bit Server VM"/>
    <property name="localRepository" value="C:\Users\Admin\.m2\repository"/>
    <property name="java.vendor.url.bug" value="https://bugreport.java.com/bugreport/"/>
    <property name="java.io.tmpdir" value="C:\Users\Admin\AppData\Local\Temp\"/>
    <property name="java.version" value="15.0.2"/>
    <property name="user.dir" value="C:\Users\Admin\eclipse-workspace\seleniumtesting\DataDrivenProject"/>
    <property name="os.arch" value="amd64"/>
    <property name="java.vm.specification.name" value="Java Virtual Machine Specification"/>
    <property name="sun.os.patch.level" value=""/>
    <property name="java.library.path" value="C:\Users\Admin\Downloads\eclipse\plugins\org.eclipse.justj.openjdk.hotspot.jre.full.win32.x86_64_15.0.2.v20210201-0955\jre\bin;C:\WINDOWS\Sun\Java\bin;C:\WINDOWS\system32;C:\WINDOWS;C:/Users/Admin/Downloads/eclipse//plugins/org.eclipse.justj.openjdk.hotspot.jre.full.win32.x86_64_15.0.2.v20210201-0955/jre/bin/server;C:/Users/Admin/Downloads/eclipse//plugins/org.eclipse.justj.openjdk.hotspot.jre.full.win32.x86_64_15.0.2.v20210201-0955/jre/bin;C:\Program Files (x86)\Common Files\Oracle\Java\javapath;C:\WINDOWS\system32;C:\WINDOWS;C:\WINDOWS\System32\Wbem;C:\WINDOWS\System32\WindowsPowerShell\v1.0\;C:\WINDOWS\System32\OpenSSH\;C:\Program Files\Java\jdk1.8.0_291\bin;C:\apache-maven-3.8.1\bin\bin;C:\Program Files\Git\cmd;C:\Users\Admin\AppData\Local\Microsoft\WindowsApps;;C:\Users\Admin\AppData\Local\JetBrains\IntelliJ IDEA Community Edition 2021.2.2\bin;;C:\Users\Admin\Downloads\eclipse;;."/>
    <property name="java.vm.info" value="mixed mode"/>
    <property name="java.vendor" value="Oracle Corporation"/>
    <property name="java.vm.version" value="15.0.2+7-27"/>
    <property name="sun.io.unicode.encoding" value="UnicodeLittle"/>
    <property name="testng.Passed" value="12"/>
    <property name="java.class.version" value="59.0"/>
  </properties>
  <testcase name="bankManagerLoginTest" classname="testcases.BankManagerLoginTest" time="3.026">
    <system-out><![CDATA[0 [main] DEBUG devpinoyLogger  - Config file loaded!!!
2 [main] DEBUG devpinoyLogger  - OR file loaded
695 [main] DEBUG io.github.bonigarcia.wdm.cache.ResolutionCache  - Resolution chrome=94 in cache (valid until 01:36:42 11/10/2021 BST)
697 [main] DEBUG io.github.bonigarcia.wdm.cache.ResolutionCache  - Resolution chrome94=94.0.4606.61 in cache (valid until 23:34:43 11/10/2021 BST)
698 [main] INFO io.github.bonigarcia.wdm.WebDriverManager  - Using chromedriver 94.0.4606.61 (resolved driver for Chrome 94)
855 [main] DEBUG io.github.bonigarcia.wdm.WebDriverManager  - Driver chromedriver 94.0.4606.61 found in cache
861 [main] INFO io.github.bonigarcia.wdm.WebDriverManager  - Exporting webdriver.chrome.driver as C:\Users\Admin\.cache\selenium\chromedriver\win32\94.0.4606.61\chromedriver.exe
28057 [main] DEBUG devpinoyLogger  - Chrome Launched!!
32693 [main] DEBUG devpinoyLogger  - Navigated to : https://www.way2automation.com/angularjs-protractor/banking/#/login
33578 [main] DEBUG devpinoyLogger  - Inside login Test
36273 [main] DEBUG devpinoyLogger  - Login successfully executed
]]></system-out>
    <system-err><![CDATA[Starting ChromeDriver 94.0.4606.61 (418b78f5838ed0b1c69bb4e51ea0252171854915-refs/branch-heads/4606@{#1204}) on port 22484
Only local connections are allowed.
Please see https://chromedriver.chromium.org/security-considerations for suggestions on keeping ChromeDriver safe.
ChromeDriver was started successfully.
Oct 11, 2021 1:00:12 AM org.openqa.selenium.remote.ProtocolHandshake createSession
INFO: Detected dialect: W3C
]]></system-err>
  </testcase>
  <testcase name="addCustomerTest[{alerttext=Customer added successfully, postcode=qwe123, lastname=Lekshmanan, runmode=Y, firstname=Naga}](1)" classname="testcases.AddCustomerTest" time="5.749">
    <system-out><![CDATA[==============================================================================================
Total Passed: 1(+1), Failures: 0(+0), Skips: 0(+0)
==============================================================================================
==============================================================================================
Total Passed: 2(+1), Failures: 0(+0), Skips: 0(+0)
==============================================================================================
37231 [main] DEBUG freemarker.cache  - Couldn't find template in cache for "spark/spark.spa.ftl"("en_IN", UTF-8, parsed); will try to load it.
37233 [main] DEBUG freemarker.cache  - TemplateLoader.findTemplateSource("spark/spark.spa_en_IN.ftl"): Not found
37234 [main] DEBUG freemarker.cache  - TemplateLoader.findTemplateSource("spark/spark.spa_en.ftl"): Not found
37235 [main] DEBUG freemarker.cache  - TemplateLoader.findTemplateSource("spark/spark.spa.ftl"): Found
37235 [main] DEBUG freemarker.cache  - Loading template for "spark/spark.spa.ftl"("en_IN", UTF-8, parsed) from "jar:file:/C:/Users/Admin/.m2/repository/com/aventstack/extentreports/5.0.9/extentreports-5.0.9.jar!/com/aventstack/extentreports/templates/spark/spark.spa.ftl"
38668 [main] DEBUG freemarker.cache  - Couldn't find template in cache for "commons/commons-variables.ftl"("en_IN", UTF-8, parsed); will try to load it.
38669 [main] DEBUG freemarker.cache  - TemplateLoader.findTemplateSource("commons/commons-variables_en_IN.ftl"): Not found
38669 [main] DEBUG freemarker.cache  - TemplateLoader.findTemplateSource("commons/commons-variables_en.ftl"): Not found
38670 [main] DEBUG freemarker.cache  - TemplateLoader.findTemplateSource("commons/commons-variables.ftl"): Found
38670 [main] DEBUG freemarker.cache  - Loading template for "commons/commons-variables.ftl"("en_IN", UTF-8, parsed) from "jar:file:/C:/Users/Admin/.m2/repository/com/aventstack/extentreports/5.0.9/extentreports-5.0.9.jar!/com/aventstack/extentreports/templates/commons/commons-variables.ftl"
39416 [main] DEBUG freemarker.cache  - Couldn't find template in cache for "commons/commons-macros.ftl"("en_IN", UTF-8, parsed); will try to load it.
39416 [main] DEBUG freemarker.cache  - TemplateLoader.findTemplateSource("commons/commons-macros_en_IN.ftl"): Not found
39417 [main] DEBUG freemarker.cache  - TemplateLoader.findTemplateSource("commons/commons-macros_en.ftl"): Not found
39418 [main] DEBUG freemarker.cache  - TemplateLoader.findTemplateSource("commons/commons-macros.ftl"): Found
39418 [main] DEBUG freemarker.cache  - Loading template for "commons/commons-macros.ftl"("en_IN", UTF-8, parsed) from "jar:file:/C:/Users/Admin/.m2/repository/com/aventstack/extentreports/5.0.9/extentreports-5.0.9.jar!/com/aventstack/extentreports/templates/commons/commons-macros.ftl"
39435 [main] DEBUG freemarker.cache  - Couldn't find template in cache for "spark/macros/attributes.ftl"("en_IN", UTF-8, parsed); will try to load it.
39436 [main] DEBUG freemarker.cache  - TemplateLoader.findTemplateSource("spark/macros/attributes_en_IN.ftl"): Not found
39436 [main] DEBUG freemarker.cache  - TemplateLoader.findTemplateSource("spark/macros/attributes_en.ftl"): Not found
39437 [main] DEBUG freemarker.cache  - TemplateLoader.findTemplateSource("spark/macros/attributes.ftl"): Found
39437 [main] DEBUG freemarker.cache  - Loading template for "spark/macros/attributes.ftl"("en_IN", UTF-8, parsed) from "jar:file:/C:/Users/Admin/.m2/repository/com/aventstack/extentreports/5.0.9/extentreports-5.0.9.jar!/com/aventstack/extentreports/templates/spark/macros/attributes.ftl"
39439 [main] DEBUG freemarker.cache  - Couldn't find template in cache for "spark/macros/log.ftl"("en_IN", UTF-8, parsed); will try to load it.
39440 [main] DEBUG freemarker.cache  - TemplateLoader.findTemplateSource("spark/macros/log_en_IN.ftl"): Not found
39440 [main] DEBUG freemarker.cache  - TemplateLoader.findTemplateSource("spark/macros/log_en.ftl"): Not found
39440 [main] DEBUG freemarker.cache  - TemplateLoader.findTemplateSource("spark/macros/log.ftl"): Found
39441 [main] DEBUG freemarker.cache  - Loading template for "spark/macros/log.ftl"("en_IN", UTF-8, parsed) from "jar:file:/C:/Users/Admin/.m2/repository/com/aventstack/extentreports/5.0.9/extentreports-5.0.9.jar!/com/aventstack/extentreports/templates/spark/macros/log.ftl"
39443 [main] DEBUG freemarker.cache  - Couldn't find template in cache for "spark/macros/recurse_nodes.ftl"("en_IN", UTF-8, parsed); will try to load it.
39444 [main] DEBUG freemarker.cache  - TemplateLoader.findTemplateSource("spark/macros/recurse_nodes_en_IN.ftl"): Not found
39444 [main] DEBUG freemarker.cache  - TemplateLoader.findTemplateSource("spark/macros/recurse_nodes_en.ftl"): Not found
39445 [main] DEBUG freemarker.cache  - TemplateLoader.findTemplateSource("spark/macros/recurse_nodes.ftl"): Found
39445 [main] DEBUG freemarker.cache  - Loading template for "spark/macros/recurse_nodes.ftl"("en_IN", UTF-8, parsed) from "jar:file:/C:/Users/Admin/.m2/repository/com/aventstack/extentreports/5.0.9/extentreports-5.0.9.jar!/com/aventstack/extentreports/templates/spark/macros/recurse_nodes.ftl"
39450 [main] DEBUG freemarker.cache  - "spark/macros/log.ftl"("en_IN", UTF-8, parsed) cached copy not yet stale; using cached.
39450 [main] DEBUG freemarker.cache  - Couldn't find template in cache for "spark/macros/attr-common.ftl"("en_IN", UTF-8, parsed); will try to load it.
39451 [main] DEBUG freemarker.cache  - TemplateLoader.findTemplateSource("spark/macros/attr-common_en_IN.ftl"): Not found
39451 [main] DEBUG freemarker.cache  - TemplateLoader.findTemplateSource("spark/macros/attr-common_en.ftl"): Not found
39452 [main] DEBUG freemarker.cache  - TemplateLoader.findTemplateSource("spark/macros/attr-common.ftl"): Found
39452 [main] DEBUG freemarker.cache  - Loading template for "spark/macros/attr-common.ftl"("en_IN", UTF-8, parsed) from "jar:file:/C:/Users/Admin/.m2/repository/com/aventstack/extentreports/5.0.9/extentreports-5.0.9.jar!/com/aventstack/extentreports/templates/spark/macros/attr-common.ftl"
39461 [main] DEBUG freemarker.cache  - Couldn't find template in cache for "spark/partials/head.ftl"("en_IN", UTF-8, parsed); will try to load it.
39462 [main] DEBUG freemarker.cache  - TemplateLoader.findTemplateSource("spark/partials/head_en_IN.ftl"): Not found
39463 [main] DEBUG freemarker.cache  - TemplateLoader.findTemplateSource("spark/partials/head_en.ftl"): Not found
39463 [main] DEBUG freemarker.cache  - TemplateLoader.findTemplateSource("spark/partials/head.ftl"): Found
39463 [main] DEBUG freemarker.cache  - Loading template for "spark/partials/head.ftl"("en_IN", UTF-8, parsed) from "jar:file:/C:/Users/Admin/.m2/repository/com/aventstack/extentreports/5.0.9/extentreports-5.0.9.jar!/com/aventstack/extentreports/templates/spark/partials/head.ftl"
39495 [main] DEBUG freemarker.cache  - Couldn't find template in cache for "commons/commons-inject-css.ftl"("en_IN", UTF-8, parsed); will try to load it.
39495 [main] DEBUG freemarker.cache  - TemplateLoader.findTemplateSource("commons/commons-inject-css_en_IN.ftl"): Not found
39496 [main] DEBUG freemarker.cache  - TemplateLoader.findTemplateSource("commons/commons-inject-css_en.ftl"): Not found
39497 [main] DEBUG freemarker.cache  - TemplateLoader.findTemplateSource("commons/commons-inject-css.ftl"): Found
39497 [main] DEBUG freemarker.cache  - Loading template for "commons/commons-inject-css.ftl"("en_IN", UTF-8, parsed) from "jar:file:/C:/Users/Admin/.m2/repository/com/aventstack/extentreports/5.0.9/extentreports-5.0.9.jar!/com/aventstack/extentreports/templates/commons/commons-inject-css.ftl"
39498 [main] DEBUG freemarker.cache  - Couldn't find template in cache for "spark/partials/navbar.ftl"("en_IN", UTF-8, parsed); will try to load it.
39499 [main] DEBUG freemarker.cache  - TemplateLoader.findTemplateSource("spark/partials/navbar_en_IN.ftl"): Not found
39499 [main] DEBUG freemarker.cache  - TemplateLoader.findTemplateSource("spark/partials/navbar_en.ftl"): Not found
39514 [main] DEBUG freemarker.cache  - TemplateLoader.findTemplateSource("spark/partials/navbar.ftl"): Found
39515 [main] DEBUG freemarker.cache  - Loading template for "spark/partials/navbar.ftl"("en_IN", UTF-8, parsed) from "jar:file:/C:/Users/Admin/.m2/repository/com/aventstack/extentreports/5.0.9/extentreports-5.0.9.jar!/com/aventstack/extentreports/templates/spark/partials/navbar.ftl"
39576 [main] DEBUG freemarker.cache  - Couldn't find template in cache for "spark/partials/sidenav.ftl"("en_IN", UTF-8, parsed); will try to load it.
39577 [main] DEBUG freemarker.cache  - TemplateLoader.findTemplateSource("spark/partials/sidenav_en_IN.ftl"): Not found
39577 [main] DEBUG freemarker.cache  - TemplateLoader.findTemplateSource("spark/partials/sidenav_en.ftl"): Not found
39578 [main] DEBUG freemarker.cache  - TemplateLoader.findTemplateSource("spark/partials/sidenav.ftl"): Found
39578 [main] DEBUG freemarker.cache  - Loading template for "spark/partials/sidenav.ftl"("en_IN", UTF-8, parsed) from "jar:file:/C:/Users/Admin/.m2/repository/com/aventstack/extentreports/5.0.9/extentreports-5.0.9.jar!/com/aventstack/extentreports/templates/spark/partials/sidenav.ftl"
39596 [main] DEBUG freemarker.cache  - Couldn't find template in cache for "spark/partials/test.ftl"("en_IN", UTF-8, parsed); will try to load it.
39597 [main] DEBUG freemarker.cache  - TemplateLoader.findTemplateSource("spark/partials/test_en_IN.ftl"): Not found
39598 [main] DEBUG freemarker.cache  - TemplateLoader.findTemplateSource("spark/partials/test_en.ftl"): Not found
39598 [main] DEBUG freemarker.cache  - TemplateLoader.findTemplateSource("spark/partials/test.ftl"): Found
39599 [main] DEBUG freemarker.cache  - Loading template for "spark/partials/test.ftl"("en_IN", UTF-8, parsed) from "jar:file:/C:/Users/Admin/.m2/repository/com/aventstack/extentreports/5.0.9/extentreports-5.0.9.jar!/com/aventstack/extentreports/templates/spark/partials/test.ftl"
39621 [main] DEBUG freemarker.cache  - Couldn't find template in cache for "spark/partials/standard-content.ftl"("en_IN", UTF-8, parsed); will try to load it.
39622 [main] DEBUG freemarker.cache  - TemplateLoader.findTemplateSource("spark/partials/standard-content_en_IN.ftl"): Not found
39622 [main] DEBUG freemarker.cache  - TemplateLoader.findTemplateSource("spark/partials/standard-content_en.ftl"): Not found
39623 [main] DEBUG freemarker.cache  - TemplateLoader.findTemplateSource("spark/partials/standard-content.ftl"): Found
39623 [main] DEBUG freemarker.cache  - Loading template for "spark/partials/standard-content.ftl"("en_IN", UTF-8, parsed) from "jar:file:/C:/Users/Admin/.m2/repository/com/aventstack/extentreports/5.0.9/extentreports-5.0.9.jar!/com/aventstack/extentreports/templates/spark/partials/standard-content.ftl"
39632 [main] DEBUG freemarker.cache  - Couldn't find template in cache for "spark/partials/exception.ftl"("en_IN", UTF-8, parsed); will try to load it.
39633 [main] DEBUG freemarker.cache  - TemplateLoader.findTemplateSource("spark/partials/exception_en_IN.ftl"): Not found
39633 [main] DEBUG freemarker.cache  - TemplateLoader.findTemplateSource("spark/partials/exception_en.ftl"): Not found
39634 [main] DEBUG freemarker.cache  - TemplateLoader.findTemplateSource("spark/partials/exception.ftl"): Found
39634 [main] DEBUG freemarker.cache  - Loading template for "spark/partials/exception.ftl"("en_IN", UTF-8, parsed) from "jar:file:/C:/Users/Admin/.m2/repository/com/aventstack/extentreports/5.0.9/extentreports-5.0.9.jar!/com/aventstack/extentreports/templates/spark/partials/exception.ftl"
39636 [main] DEBUG freemarker.cache  - Couldn't find template in cache for "spark/partials/category.ftl"("en_IN", UTF-8, parsed); will try to load it.
39636 [main] DEBUG freemarker.cache  - TemplateLoader.findTemplateSource("spark/partials/category_en_IN.ftl"): Not found
39637 [main] DEBUG freemarker.cache  - TemplateLoader.findTemplateSource("spark/partials/category_en.ftl"): Not found
39637 [main] DEBUG freemarker.cache  - TemplateLoader.findTemplateSource("spark/partials/category.ftl"): Found
39638 [main] DEBUG freemarker.cache  - Loading template for "spark/partials/category.ftl"("en_IN", UTF-8, parsed) from "jar:file:/C:/Users/Admin/.m2/repository/com/aventstack/extentreports/5.0.9/extentreports-5.0.9.jar!/com/aventstack/extentreports/templates/spark/partials/category.ftl"
39639 [main] DEBUG freemarker.cache  - Couldn't find template in cache for "spark/partials/device.ftl"("en_IN", UTF-8, parsed); will try to load it.
39640 [main] DEBUG freemarker.cache  - TemplateLoader.findTemplateSource("spark/partials/device_en_IN.ftl"): Not found
39640 [main] DEBUG freemarker.cache  - TemplateLoader.findTemplateSource("spark/partials/device_en.ftl"): Not found
39641 [main] DEBUG freemarker.cache  - TemplateLoader.findTemplateSource("spark/partials/device.ftl"): Found
39641 [main] DEBUG freemarker.cache  - Loading template for "spark/partials/device.ftl"("en_IN", UTF-8, parsed) from "jar:file:/C:/Users/Admin/.m2/repository/com/aventstack/extentreports/5.0.9/extentreports-5.0.9.jar!/com/aventstack/extentreports/templates/spark/partials/device.ftl"
39642 [main] DEBUG freemarker.cache  - Couldn't find template in cache for "spark/partials/author.ftl"("en_IN", UTF-8, parsed); will try to load it.
39643 [main] DEBUG freemarker.cache  - TemplateLoader.findTemplateSource("spark/partials/author_en_IN.ftl"): Not found
39644 [main] DEBUG freemarker.cache  - TemplateLoader.findTemplateSource("spark/partials/author_en.ftl"): Not found
39644 [main] DEBUG freemarker.cache  - TemplateLoader.findTemplateSource("spark/partials/author.ftl"): Found
39645 [main] DEBUG freemarker.cache  - Loading template for "spark/partials/author.ftl"("en_IN", UTF-8, parsed) from "jar:file:/C:/Users/Admin/.m2/repository/com/aventstack/extentreports/5.0.9/extentreports-5.0.9.jar!/com/aventstack/extentreports/templates/spark/partials/author.ftl"
39647 [main] DEBUG freemarker.cache  - Couldn't find template in cache for "spark/partials/log.ftl"("en_IN", UTF-8, parsed); will try to load it.
39647 [main] DEBUG freemarker.cache  - TemplateLoader.findTemplateSource("spark/partials/log_en_IN.ftl"): Not found
39648 [main] DEBUG freemarker.cache  - TemplateLoader.findTemplateSource("spark/partials/log_en.ftl"): Not found
39649 [main] DEBUG freemarker.cache  - TemplateLoader.findTemplateSource("spark/partials/log.ftl"): Found
39649 [main] DEBUG freemarker.cache  - Loading template for "spark/partials/log.ftl"("en_IN", UTF-8, parsed) from "jar:file:/C:/Users/Admin/.m2/repository/com/aventstack/extentreports/5.0.9/extentreports-5.0.9.jar!/com/aventstack/extentreports/templates/spark/partials/log.ftl"
39651 [main] DEBUG freemarker.cache  - Couldn't find template in cache for "spark/partials/dashboard.ftl"("en_IN", UTF-8, parsed); will try to load it.
39651 [main] DEBUG freemarker.cache  - TemplateLoader.findTemplateSource("spark/partials/dashboard_en_IN.ftl"): Not found
39652 [main] DEBUG freemarker.cache  - TemplateLoader.findTemplateSource("spark/partials/dashboard_en.ftl"): Not found
39652 [main] DEBUG freemarker.cache  - TemplateLoader.findTemplateSource("spark/partials/dashboard.ftl"): Found
39652 [main] DEBUG freemarker.cache  - Loading template for "spark/partials/dashboard.ftl"("en_IN", UTF-8, parsed) from "jar:file:/C:/Users/Admin/.m2/repository/com/aventstack/extentreports/5.0.9/extentreports-5.0.9.jar!/com/aventstack/extentreports/templates/spark/partials/dashboard.ftl"
39738 [main] DEBUG freemarker.cache  - Couldn't find template in cache for "spark/partials/scripts.ftl"("en_IN", UTF-8, parsed); will try to load it.
39739 [main] DEBUG freemarker.cache  - TemplateLoader.findTemplateSource("spark/partials/scripts_en_IN.ftl"): Not found
39739 [main] DEBUG freemarker.cache  - TemplateLoader.findTemplateSource("spark/partials/scripts_en.ftl"): Not found
39739 [main] DEBUG freemarker.cache  - TemplateLoader.findTemplateSource("spark/partials/scripts.ftl"): Found
39740 [main] DEBUG freemarker.cache  - Loading template for "spark/partials/scripts.ftl"("en_IN", UTF-8, parsed) from "jar:file:/C:/Users/Admin/.m2/repository/com/aventstack/extentreports/5.0.9/extentreports-5.0.9.jar!/com/aventstack/extentreports/templates/spark/partials/scripts.ftl"
39741 [main] DEBUG freemarker.cache  - Couldn't find template in cache for "commons/commons-inject-js.ftl"("en_IN", UTF-8, parsed); will try to load it.
39742 [main] DEBUG freemarker.cache  - TemplateLoader.findTemplateSource("commons/commons-inject-js_en_IN.ftl"): Not found
39742 [main] DEBUG freemarker.cache  - TemplateLoader.findTemplateSource("commons/commons-inject-js_en.ftl"): Not found
39742 [main] DEBUG freemarker.cache  - TemplateLoader.findTemplateSource("commons/commons-inject-js.ftl"): Found
39742 [main] DEBUG freemarker.cache  - Loading template for "commons/commons-inject-js.ftl"("en_IN", UTF-8, parsed) from "jar:file:/C:/Users/Admin/.m2/repository/com/aventstack/extentreports/5.0.9/extentreports-5.0.9.jar!/com/aventstack/extentreports/templates/commons/commons-inject-js.ftl"
]]></system-out>
  </testcase>
  <testcase name="addCustomerTest[{alerttext=Customer added successfully, postcode=qwe123, lastname=Guru, runmode=Y, firstname=Balaji}](2)" classname="testcases.AddCustomerTest" time="0.822"/>
  <testcase name="addCustomerTest[{alerttext=Customer added successfully, postcode=qwe123, lastname=Bala, runmode=Y, firstname=Adhi}](3)" classname="testcases.AddCustomerTest" time="0.553"/>
  <testcase name="addCustomerTest[{alerttext=Customer added successfully, postcode=aqwe, lastname=Raju, runmode=Y, firstname=Ram}](4)" classname="testcases.AddCustomerTest" time="0.398"/>
  <testcase name="openAccountTest[{currency=Rupee, customer=Naga Lekshmanan}](1)" classname="testcases.OpenAccountTest" time="4.155">
    <system-out><![CDATA[==============================================================================================
Total Passed: 6(+4), Failures: 0(+0), Skips: 0(+0)
==============================================================================================
==============================================================================================
Total Passed: 10(+4), Failures: 0(+0), Skips: 0(+0)
==============================================================================================
47613 [main] DEBUG freemarker.cache  - TemplateLoader.findTemplateSource("spark/spark.spa_en_IN.ftl"): Not found
47614 [main] DEBUG freemarker.cache  - TemplateLoader.findTemplateSource("spark/spark.spa_en.ftl"): Not found
47615 [main] DEBUG freemarker.cache  - TemplateLoader.findTemplateSource("spark/spark.spa.ftl"): Found
47615 [main] DEBUG freemarker.cache  - "spark/spark.spa.ftl"("en_IN", UTF-8, parsed): using cached since jar:file:/C:/Users/Admin/.m2/repository/com/aventstack/extentreports/5.0.9/extentreports-5.0.9.jar!/com/aventstack/extentreports/templates/spark/spark.spa.ftl hasn't changed.
47621 [main] DEBUG freemarker.cache  - TemplateLoader.findTemplateSource("commons/commons-variables_en_IN.ftl"): Not found
47622 [main] DEBUG freemarker.cache  - TemplateLoader.findTemplateSource("commons/commons-variables_en.ftl"): Not found
47623 [main] DEBUG freemarker.cache  - TemplateLoader.findTemplateSource("commons/commons-variables.ftl"): Found
47623 [main] DEBUG freemarker.cache  - "commons/commons-variables.ftl"("en_IN", UTF-8, parsed): using cached since jar:file:/C:/Users/Admin/.m2/repository/com/aventstack/extentreports/5.0.9/extentreports-5.0.9.jar!/com/aventstack/extentreports/templates/commons/commons-variables.ftl hasn't changed.
47626 [main] DEBUG freemarker.cache  - TemplateLoader.findTemplateSource("commons/commons-macros_en_IN.ftl"): Not found
47626 [main] DEBUG freemarker.cache  - TemplateLoader.findTemplateSource("commons/commons-macros_en.ftl"): Not found
47627 [main] DEBUG freemarker.cache  - TemplateLoader.findTemplateSource("commons/commons-macros.ftl"): Found
47639 [main] DEBUG freemarker.cache  - "commons/commons-macros.ftl"("en_IN", UTF-8, parsed): using cached since jar:file:/C:/Users/Admin/.m2/repository/com/aventstack/extentreports/5.0.9/extentreports-5.0.9.jar!/com/aventstack/extentreports/templates/commons/commons-macros.ftl hasn't changed.
47640 [main] DEBUG freemarker.cache  - TemplateLoader.findTemplateSource("spark/macros/attributes_en_IN.ftl"): Not found
47641 [main] DEBUG freemarker.cache  - TemplateLoader.findTemplateSource("spark/macros/attributes_en.ftl"): Not found
47641 [main] DEBUG freemarker.cache  - TemplateLoader.findTemplateSource("spark/macros/attributes.ftl"): Found
47641 [main] DEBUG freemarker.cache  - "spark/macros/attributes.ftl"("en_IN", UTF-8, parsed): using cached since jar:file:/C:/Users/Admin/.m2/repository/com/aventstack/extentreports/5.0.9/extentreports-5.0.9.jar!/com/aventstack/extentreports/templates/spark/macros/attributes.ftl hasn't changed.
47642 [main] DEBUG freemarker.cache  - TemplateLoader.findTemplateSource("spark/macros/log_en_IN.ftl"): Not found
47643 [main] DEBUG freemarker.cache  - TemplateLoader.findTemplateSource("spark/macros/log_en.ftl"): Not found
47643 [main] DEBUG freemarker.cache  - TemplateLoader.findTemplateSource("spark/macros/log.ftl"): Found
47643 [main] DEBUG freemarker.cache  - "spark/macros/log.ftl"("en_IN", UTF-8, parsed): using cached since jar:file:/C:/Users/Admin/.m2/repository/com/aventstack/extentreports/5.0.9/extentreports-5.0.9.jar!/com/aventstack/extentreports/templates/spark/macros/log.ftl hasn't changed.
47644 [main] DEBUG freemarker.cache  - TemplateLoader.findTemplateSource("spark/macros/recurse_nodes_en_IN.ftl"): Not found
47644 [main] DEBUG freemarker.cache  - TemplateLoader.findTemplateSource("spark/macros/recurse_nodes_en.ftl"): Not found
47644 [main] DEBUG freemarker.cache  - TemplateLoader.findTemplateSource("spark/macros/recurse_nodes.ftl"): Found
47644 [main] DEBUG freemarker.cache  - "spark/macros/recurse_nodes.ftl"("en_IN", UTF-8, parsed): using cached since jar:file:/C:/Users/Admin/.m2/repository/com/aventstack/extentreports/5.0.9/extentreports-5.0.9.jar!/com/aventstack/extentreports/templates/spark/macros/recurse_nodes.ftl hasn't changed.
47645 [main] DEBUG freemarker.cache  - "spark/macros/log.ftl"("en_IN", UTF-8, parsed) cached copy not yet stale; using cached.
47645 [main] DEBUG freemarker.cache  - TemplateLoader.findTemplateSource("spark/macros/attr-common_en_IN.ftl"): Not found
47645 [main] DEBUG freemarker.cache  - TemplateLoader.findTemplateSource("spark/macros/attr-common_en.ftl"): Not found
47646 [main] DEBUG freemarker.cache  - TemplateLoader.findTemplateSource("spark/macros/attr-common.ftl"): Found
47646 [main] DEBUG freemarker.cache  - "spark/macros/attr-common.ftl"("en_IN", UTF-8, parsed): using cached since jar:file:/C:/Users/Admin/.m2/repository/com/aventstack/extentreports/5.0.9/extentreports-5.0.9.jar!/com/aventstack/extentreports/templates/spark/macros/attr-common.ftl hasn't changed.
47647 [main] DEBUG freemarker.cache  - TemplateLoader.findTemplateSource("spark/partials/head_en_IN.ftl"): Not found
47647 [main] DEBUG freemarker.cache  - TemplateLoader.findTemplateSource("spark/partials/head_en.ftl"): Not found
47647 [main] DEBUG freemarker.cache  - TemplateLoader.findTemplateSource("spark/partials/head.ftl"): Found
47647 [main] DEBUG freemarker.cache  - "spark/partials/head.ftl"("en_IN", UTF-8, parsed): using cached since jar:file:/C:/Users/Admin/.m2/repository/com/aventstack/extentreports/5.0.9/extentreports-5.0.9.jar!/com/aventstack/extentreports/templates/spark/partials/head.ftl hasn't changed.
47648 [main] DEBUG freemarker.cache  - TemplateLoader.findTemplateSource("commons/commons-inject-css_en_IN.ftl"): Not found
47648 [main] DEBUG freemarker.cache  - TemplateLoader.findTemplateSource("commons/commons-inject-css_en.ftl"): Not found
47648 [main] DEBUG freemarker.cache  - TemplateLoader.findTemplateSource("commons/commons-inject-css.ftl"): Found
47648 [main] DEBUG freemarker.cache  - "commons/commons-inject-css.ftl"("en_IN", UTF-8, parsed): using cached since jar:file:/C:/Users/Admin/.m2/repository/com/aventstack/extentreports/5.0.9/extentreports-5.0.9.jar!/com/aventstack/extentreports/templates/commons/commons-inject-css.ftl hasn't changed.
47654 [main] DEBUG freemarker.cache  - TemplateLoader.findTemplateSource("spark/partials/navbar_en_IN.ftl"): Not found
47655 [main] DEBUG freemarker.cache  - TemplateLoader.findTemplateSource("spark/partials/navbar_en.ftl"): Not found
47656 [main] DEBUG freemarker.cache  - TemplateLoader.findTemplateSource("spark/partials/navbar.ftl"): Found
47657 [main] DEBUG freemarker.cache  - "spark/partials/navbar.ftl"("en_IN", UTF-8, parsed): using cached since jar:file:/C:/Users/Admin/.m2/repository/com/aventstack/extentreports/5.0.9/extentreports-5.0.9.jar!/com/aventstack/extentreports/templates/spark/partials/navbar.ftl hasn't changed.
47658 [main] DEBUG freemarker.cache  - TemplateLoader.findTemplateSource("spark/partials/sidenav_en_IN.ftl"): Not found
47659 [main] DEBUG freemarker.cache  - TemplateLoader.findTemplateSource("spark/partials/sidenav_en.ftl"): Not found
47659 [main] DEBUG freemarker.cache  - TemplateLoader.findTemplateSource("spark/partials/sidenav.ftl"): Found
47659 [main] DEBUG freemarker.cache  - "spark/partials/sidenav.ftl"("en_IN", UTF-8, parsed): using cached since jar:file:/C:/Users/Admin/.m2/repository/com/aventstack/extentreports/5.0.9/extentreports-5.0.9.jar!/com/aventstack/extentreports/templates/spark/partials/sidenav.ftl hasn't changed.
47664 [main] DEBUG freemarker.cache  - TemplateLoader.findTemplateSource("spark/partials/test_en_IN.ftl"): Not found
47665 [main] DEBUG freemarker.cache  - TemplateLoader.findTemplateSource("spark/partials/test_en.ftl"): Not found
47665 [main] DEBUG freemarker.cache  - TemplateLoader.findTemplateSource("spark/partials/test.ftl"): Found
47665 [main] DEBUG freemarker.cache  - "spark/partials/test.ftl"("en_IN", UTF-8, parsed): using cached since jar:file:/C:/Users/Admin/.m2/repository/com/aventstack/extentreports/5.0.9/extentreports-5.0.9.jar!/com/aventstack/extentreports/templates/spark/partials/test.ftl hasn't changed.
47674 [main] DEBUG freemarker.cache  - TemplateLoader.findTemplateSource("spark/partials/standard-content_en_IN.ftl"): Not found
47694 [main] DEBUG freemarker.cache  - TemplateLoader.findTemplateSource("spark/partials/standard-content_en.ftl"): Not found
47694 [main] DEBUG freemarker.cache  - TemplateLoader.findTemplateSource("spark/partials/standard-content.ftl"): Found
47695 [main] DEBUG freemarker.cache  - "spark/partials/standard-content.ftl"("en_IN", UTF-8, parsed): using cached since jar:file:/C:/Users/Admin/.m2/repository/com/aventstack/extentreports/5.0.9/extentreports-5.0.9.jar!/com/aventstack/extentreports/templates/spark/partials/standard-content.ftl hasn't changed.
47697 [main] DEBUG freemarker.cache  - "spark/partials/standard-content.ftl"("en_IN", UTF-8, parsed) cached copy not yet stale; using cached.
47705 [main] DEBUG freemarker.cache  - "spark/partials/standard-content.ftl"("en_IN", UTF-8, parsed) cached copy not yet stale; using cached.
47716 [main] DEBUG freemarker.cache  - "spark/partials/standard-content.ftl"("en_IN", UTF-8, parsed) cached copy not yet stale; using cached.
47724 [main] DEBUG freemarker.cache  - "spark/partials/standard-content.ftl"("en_IN", UTF-8, parsed) cached copy not yet stale; using cached.
47726 [main] DEBUG freemarker.cache  - TemplateLoader.findTemplateSource("spark/partials/exception_en_IN.ftl"): Not found
47726 [main] DEBUG freemarker.cache  - TemplateLoader.findTemplateSource("spark/partials/exception_en.ftl"): Not found
47727 [main] DEBUG freemarker.cache  - TemplateLoader.findTemplateSource("spark/partials/exception.ftl"): Found
47727 [main] DEBUG freemarker.cache  - "spark/partials/exception.ftl"("en_IN", UTF-8, parsed): using cached since jar:file:/C:/Users/Admin/.m2/repository/com/aventstack/extentreports/5.0.9/extentreports-5.0.9.jar!/com/aventstack/extentreports/templates/spark/partials/exception.ftl hasn't changed.
47728 [main] DEBUG freemarker.cache  - TemplateLoader.findTemplateSource("spark/partials/category_en_IN.ftl"): Not found
47728 [main] DEBUG freemarker.cache  - TemplateLoader.findTemplateSource("spark/partials/category_en.ftl"): Not found
47729 [main] DEBUG freemarker.cache  - TemplateLoader.findTemplateSource("spark/partials/category.ftl"): Found
47729 [main] DEBUG freemarker.cache  - "spark/partials/category.ftl"("en_IN", UTF-8, parsed): using cached since jar:file:/C:/Users/Admin/.m2/repository/com/aventstack/extentreports/5.0.9/extentreports-5.0.9.jar!/com/aventstack/extentreports/templates/spark/partials/category.ftl hasn't changed.
47730 [main] DEBUG freemarker.cache  - TemplateLoader.findTemplateSource("spark/partials/device_en_IN.ftl"): Not found
47730 [main] DEBUG freemarker.cache  - TemplateLoader.findTemplateSource("spark/partials/device_en.ftl"): Not found
47731 [main] DEBUG freemarker.cache  - TemplateLoader.findTemplateSource("spark/partials/device.ftl"): Found
47731 [main] DEBUG freemarker.cache  - "spark/partials/device.ftl"("en_IN", UTF-8, parsed): using cached since jar:file:/C:/Users/Admin/.m2/repository/com/aventstack/extentreports/5.0.9/extentreports-5.0.9.jar!/com/aventstack/extentreports/templates/spark/partials/device.ftl hasn't changed.
47732 [main] DEBUG freemarker.cache  - TemplateLoader.findTemplateSource("spark/partials/author_en_IN.ftl"): Not found
47732 [main] DEBUG freemarker.cache  - TemplateLoader.findTemplateSource("spark/partials/author_en.ftl"): Not found
47732 [main] DEBUG freemarker.cache  - TemplateLoader.findTemplateSource("spark/partials/author.ftl"): Found
47733 [main] DEBUG freemarker.cache  - "spark/partials/author.ftl"("en_IN", UTF-8, parsed): using cached since jar:file:/C:/Users/Admin/.m2/repository/com/aventstack/extentreports/5.0.9/extentreports-5.0.9.jar!/com/aventstack/extentreports/templates/spark/partials/author.ftl hasn't changed.
47735 [main] DEBUG freemarker.cache  - TemplateLoader.findTemplateSource("spark/partials/log_en_IN.ftl"): Not found
47736 [main] DEBUG freemarker.cache  - TemplateLoader.findTemplateSource("spark/partials/log_en.ftl"): Not found
47738 [main] DEBUG freemarker.cache  - TemplateLoader.findTemplateSource("spark/partials/log.ftl"): Found
47738 [main] DEBUG freemarker.cache  - "spark/partials/log.ftl"("en_IN", UTF-8, parsed): using cached since jar:file:/C:/Users/Admin/.m2/repository/com/aventstack/extentreports/5.0.9/extentreports-5.0.9.jar!/com/aventstack/extentreports/templates/spark/partials/log.ftl hasn't changed.
47739 [main] DEBUG freemarker.cache  - TemplateLoader.findTemplateSource("spark/partials/dashboard_en_IN.ftl"): Not found
47739 [main] DEBUG freemarker.cache  - TemplateLoader.findTemplateSource("spark/partials/dashboard_en.ftl"): Not found
47740 [main] DEBUG freemarker.cache  - TemplateLoader.findTemplateSource("spark/partials/dashboard.ftl"): Found
47740 [main] DEBUG freemarker.cache  - "spark/partials/dashboard.ftl"("en_IN", UTF-8, parsed): using cached since jar:file:/C:/Users/Admin/.m2/repository/com/aventstack/extentreports/5.0.9/extentreports-5.0.9.jar!/com/aventstack/extentreports/templates/spark/partials/dashboard.ftl hasn't changed.
47744 [main] DEBUG freemarker.cache  - TemplateLoader.findTemplateSource("spark/partials/scripts_en_IN.ftl"): Not found
47744 [main] DEBUG freemarker.cache  - TemplateLoader.findTemplateSource("spark/partials/scripts_en.ftl"): Not found
47745 [main] DEBUG freemarker.cache  - TemplateLoader.findTemplateSource("spark/partials/scripts.ftl"): Found
47745 [main] DEBUG freemarker.cache  - "spark/partials/scripts.ftl"("en_IN", UTF-8, parsed): using cached since jar:file:/C:/Users/Admin/.m2/repository/com/aventstack/extentreports/5.0.9/extentreports-5.0.9.jar!/com/aventstack/extentreports/templates/spark/partials/scripts.ftl hasn't changed.
47746 [main] DEBUG freemarker.cache  - TemplateLoader.findTemplateSource("commons/commons-inject-js_en_IN.ftl"): Not found
47746 [main] DEBUG freemarker.cache  - TemplateLoader.findTemplateSource("commons/commons-inject-js_en.ftl"): Not found
47747 [main] DEBUG freemarker.cache  - TemplateLoader.findTemplateSource("commons/commons-inject-js.ftl"): Found
47747 [main] DEBUG freemarker.cache  - "commons/commons-inject-js.ftl"("en_IN", UTF-8, parsed): using cached since jar:file:/C:/Users/Admin/.m2/repository/com/aventstack/extentreports/5.0.9/extentreports-5.0.9.jar!/com/aventstack/extentreports/templates/commons/commons-inject-js.ftl hasn't changed.
]]></system-out>
  </testcase>
</testsuite>