<?xml version="1.0" encoding="UTF-8"?>
<!-- Generated by org.testng.reporters.JUnitReportReporter -->
<testsuite hostname="DESKTOP-C1CV5TG" failures="0" tests="1" name="testcases.OpenAccountTest" time="4.655" errors="0" timestamp="2021-10-10T23:57:49 BST" skipped="0">
  <testcase classname="testcases.OpenAccountTest" name="openAccountTest" time="4.655"/>
  <system-out/>
</testsuite> <!-- testcases.OpenAccountTest -->
