<?xml version="1.0" encoding="UTF-8"?>
<!-- Generated by org.testng.reporters.JUnitReportReporter -->
<testsuite hostname="DESKTOP-C1CV5TG" failures="0" tests="1" name="testcases.LoginTest" time="0.370" errors="0" timestamp="2021-09-27T12:21:45 BST" skipped="0">
  <testcase classname="testcases.LoginTest" name="loginAsBankManager" time="0.370"/>
  <system-out/>
</testsuite> <!-- testcases.LoginTest -->
