<?xml version="1.0" encoding="UTF-8"?>
<!-- Generated by org.testng.reporters.JUnitReportReporter -->
<testsuite hostname="DESKTOP-C1CV5TG" failures="0" tests="1" name="testcases.BankManagerLoginTest" time="0.362" errors="0" timestamp="2021-10-05T18:00:39 BST" skipped="0">
  <testcase classname="testcases.BankManagerLoginTest" name="bankManagerLoginTest" time="0.362"/>
  <system-out/>
</testsuite> <!-- testcases.BankManagerLoginTest -->
