<?xml version="1.0" encoding="UTF-8"?>
<!-- Generated by org.testng.reporters.JUnitReportReporter -->
<testsuite hostname="DESKTOP-C1CV5TG" failures="0" tests="4" name="testcases.AddCustomerTest" time="3.824" errors="0" timestamp="2021-10-11T00:43:25 BST" skipped="0">
  <testcase classname="testcases.AddCustomerTest" name="addCustomerTest" time="2.205"/>
  <system-out/>
  <testcase classname="testcases.AddCustomerTest" name="addCustomerTest" time="0.630"/>
  <system-out/>
  <testcase classname="testcases.AddCustomerTest" name="addCustomerTest" time="0.422"/>
  <system-out/>
  <testcase classname="testcases.AddCustomerTest" name="addCustomerTest" time="0.567"/>
  <system-out/>
</testsuite> <!-- testcases.AddCustomerTest -->
