<?xml version="1.0" encoding="UTF-8"?>
<!-- Generated by org.testng.reporters.JUnitReportReporter -->
<testsuite hostname="DESKTOP-C1CV5TG" failures="0" tests="4" name="testcases.AddCustomerTest" time="14.542" errors="0" timestamp="2021-10-10T23:57:49 BST" skipped="0">
  <testcase classname="testcases.AddCustomerTest" name="addCustomerTest" time="0.571"/>
  <system-out/>
  <testcase classname="testcases.AddCustomerTest" name="addCustomerTest" time="12.692"/>
  <system-out/>
  <testcase classname="testcases.AddCustomerTest" name="addCustomerTest" time="0.810"/>
  <system-out/>
  <testcase classname="testcases.AddCustomerTest" name="addCustomerTest" time="0.469"/>
  <system-out/>
</testsuite> <!-- testcases.AddCustomerTest -->
