<?xml version="1.0" encoding="UTF-8"?>
<!-- Generated by org.testng.reporters.JUnitReportReporter -->
<testsuite hostname="DESKTOP-C1CV5TG" failures="0" tests="1" name="testcases.BankManagerLoginTest" time="3.413" errors="0" timestamp="2021-10-10T23:57:48 BST" skipped="0">
  <testcase classname="testcases.BankManagerLoginTest" name="bankManagerLoginTest" time="3.413"/>
  <system-out/>
</testsuite> <!-- testcases.BankManagerLoginTest -->
