<?xml version="1.0" encoding="UTF-8"?>
<!-- Generated by org.testng.reporters.JUnitReportReporter -->
<testsuite hostname="DESKTOP-C1CV5TG" failures="0" tests="4" name="testcases.AddCustomerTest" time="3.082" errors="0" timestamp="2021-10-05T18:00:39 BST" skipped="0">
  <testcase classname="testcases.AddCustomerTest" name="addCustomerTest" time="1.543"/>
  <system-out/>
  <testcase classname="testcases.AddCustomerTest" name="addCustomerTest" time="0.483"/>
  <system-out/>
  <testcase classname="testcases.AddCustomerTest" name="addCustomerTest" time="0.474"/>
  <system-out/>
  <testcase classname="testcases.AddCustomerTest" name="addCustomerTest" time="0.582"/>
  <system-out/>
</testsuite> <!-- testcases.AddCustomerTest -->
