<?xml version="1.0" encoding="UTF-8"?>
<!-- Generated by org.testng.reporters.JUnitReportReporter -->
<testsuite hostname="DESKTOP-C1CV5TG" failures="0" tests="1" name="testcases.OpenAccountTest" time="3.365" errors="0" timestamp="2021-10-09T21:18:44 BST" skipped="0">
  <testcase classname="testcases.OpenAccountTest" name="openAccountTest" time="3.365"/>
  <system-out/>
</testsuite> <!-- testcases.OpenAccountTest -->
