<?xml version="1.0" encoding="UTF-8"?>
<!-- Generated by org.testng.reporters.JUnitReportReporter -->
<testsuite hostname="DESKTOP-C1CV5TG" failures="0" tests="1" name="testcases.OpenAccountTest" time="4.243" errors="0" timestamp="2021-10-11T01:00:40 BST" skipped="0">
  <testcase classname="testcases.OpenAccountTest" name="openAccountTest" time="4.243"/>
  <system-out/>
</testsuite> <!-- testcases.OpenAccountTest -->
