<?xml version="1.0" encoding="UTF-8"?>
<!-- Generated by org.testng.reporters.JUnitReportReporter -->
<testsuite hostname="DESKTOP-C1CV5TG" failures="0" tests="1" name="testcases.BankManagerLoginTest" time="5.252" errors="0" timestamp="2021-10-11T00:09:58 BST" skipped="0">
  <testcase classname="testcases.BankManagerLoginTest" name="bankManagerLoginTest" time="5.252"/>
  <system-out/>
</testsuite> <!-- testcases.BankManagerLoginTest -->
