<?xml version="1.0" encoding="UTF-8"?>
<!-- Generated by org.testng.reporters.JUnitReportReporter -->
<testsuite hostname="DESKTOP-C1CV5TG" failures="0" tests="4" name="testcases.AddCustomerTest" time="7.823" errors="0" timestamp="2021-10-11T01:00:40 BST" skipped="0">
  <testcase classname="testcases.AddCustomerTest" name="addCustomerTest" time="0.538"/>
  <system-out/>
  <testcase classname="testcases.AddCustomerTest" name="addCustomerTest" time="6.052"/>
  <system-out/>
  <testcase classname="testcases.AddCustomerTest" name="addCustomerTest" time="0.823"/>
  <system-out/>
  <testcase classname="testcases.AddCustomerTest" name="addCustomerTest" time="0.410"/>
  <system-out/>
</testsuite> <!-- testcases.AddCustomerTest -->
