<?xml version="1.0" encoding="UTF-8"?>
<!-- Generated by org.testng.reporters.JUnitReportReporter -->
<testsuite hostname="DESKTOP-C1CV5TG" failures="0" tests="1" name="testcases.OpenAccountTest" time="1.661" errors="0" timestamp="2021-10-11T00:31:11 BST" skipped="0">
  <testcase classname="testcases.OpenAccountTest" name="openAccountTest" time="1.661"/>
  <system-out/>
</testsuite> <!-- testcases.OpenAccountTest -->
