<?xml version="1.0" encoding="UTF-8"?>
<!-- Generated by org.testng.reporters.JUnitReportReporter -->
<testsuite hostname="DESKTOP-C1CV5TG" failures="0" tests="4" name="testcases.AddCustomerTest" time="8.991" errors="0" timestamp="2021-10-09T21:18:44 BST" skipped="0">
  <testcase classname="testcases.AddCustomerTest" name="addCustomerTest" time="0.552"/>
  <system-out/>
  <testcase classname="testcases.AddCustomerTest" name="addCustomerTest" time="6.593"/>
  <system-out/>
  <testcase classname="testcases.AddCustomerTest" name="addCustomerTest" time="0.532"/>
  <system-out/>
  <testcase classname="testcases.AddCustomerTest" name="addCustomerTest" time="1.314"/>
  <system-out/>
</testsuite> <!-- testcases.AddCustomerTest -->
