<?xml version="1.0" encoding="UTF-8"?>
<!-- Generated by org.testng.reporters.JUnitReportReporter -->
<testsuite hostname="DESKTOP-C1CV5TG" failures="0" tests="4" name="testcases.AddCustomerTest" time="6.095" errors="0" timestamp="2021-10-11T00:31:11 BST" skipped="0">
  <testcase classname="testcases.AddCustomerTest" name="addCustomerTest" time="0.815"/>
  <system-out/>
  <testcase classname="testcases.AddCustomerTest" name="addCustomerTest" time="4.047"/>
  <system-out/>
  <testcase classname="testcases.AddCustomerTest" name="addCustomerTest" time="0.631"/>
  <system-out/>
  <testcase classname="testcases.AddCustomerTest" name="addCustomerTest" time="0.602"/>
  <system-out/>
</testsuite> <!-- testcases.AddCustomerTest -->
