<?xml version="1.0" encoding="UTF-8"?>
<!-- Generated by org.testng.reporters.JUnitReportReporter -->
<testsuite hostname="DESKTOP-C1CV5TG" failures="0" tests="4" name="testcases.AddCustomerTest" time="9.023" errors="0" timestamp="2021-10-11T00:09:58 BST" skipped="0">
  <testcase classname="testcases.AddCustomerTest" name="addCustomerTest" time="0.565"/>
  <system-out/>
  <testcase classname="testcases.AddCustomerTest" name="addCustomerTest" time="0.537"/>
  <system-out/>
  <testcase classname="testcases.AddCustomerTest" name="addCustomerTest" time="0.423"/>
  <system-out/>
  <testcase classname="testcases.AddCustomerTest" name="addCustomerTest" time="7.498"/>
  <system-out/>
</testsuite> <!-- testcases.AddCustomerTest -->
